[2020-03-30 21:00:39,882] INFO Terminating process due to signal SIGINT (org.apache.kafka.common.utils.LoggingSignalHandler)
[2020-03-30 21:00:39,890] INFO [KafkaServer id=0] shutting down (kafka.server.KafkaServer)
[2020-03-30 21:00:39,898] INFO [KafkaServer id=0] Starting controlled shutdown (kafka.server.KafkaServer)
[2020-03-30 21:00:39,933] INFO [KafkaServer id=0] Controlled shutdown succeeded (kafka.server.KafkaServer)
[2020-03-30 21:00:39,935] INFO [/config/changes-event-process-thread]: Shutting down (kafka.common.ZkNodeChangeNotificationListener$ChangeEventProcessThread)
[2020-03-30 21:00:39,936] INFO [/config/changes-event-process-thread]: Shutdown completed (kafka.common.ZkNodeChangeNotificationListener$ChangeEventProcessThread)
[2020-03-30 21:00:39,936] INFO [/config/changes-event-process-thread]: Stopped (kafka.common.ZkNodeChangeNotificationListener$ChangeEventProcessThread)
[2020-03-30 21:00:39,937] INFO [SocketServer brokerId=0] Stopping socket server request processors (kafka.network.SocketServer)
[2020-03-30 21:00:39,953] INFO [SocketServer brokerId=0] Stopped socket server request processors (kafka.network.SocketServer)
[2020-03-30 21:00:39,954] INFO [data-plane Kafka Request Handler on Broker 0], shutting down (kafka.server.KafkaRequestHandlerPool)
[2020-03-30 21:00:39,956] INFO [data-plane Kafka Request Handler on Broker 0], shut down completely (kafka.server.KafkaRequestHandlerPool)
[2020-03-30 21:00:39,958] INFO [ExpirationReaper-0-AlterAcls]: Shutting down (kafka.server.DelayedOperationPurgatory$ExpiredOperationReaper)
[2020-03-30 21:00:39,962] INFO [ExpirationReaper-0-AlterAcls]: Stopped (kafka.server.DelayedOperationPurgatory$ExpiredOperationReaper)
[2020-03-30 21:00:39,962] INFO [ExpirationReaper-0-AlterAcls]: Shutdown completed (kafka.server.DelayedOperationPurgatory$ExpiredOperationReaper)
[2020-03-30 21:00:39,962] INFO [KafkaApi-0] Shutdown complete. (kafka.server.KafkaApis)
[2020-03-30 21:00:39,963] INFO [ExpirationReaper-0-topic]: Shutting down (kafka.server.DelayedOperationPurgatory$ExpiredOperationReaper)
[2020-03-30 21:00:40,044] INFO [ExpirationReaper-0-topic]: Stopped (kafka.server.DelayedOperationPurgatory$ExpiredOperationReaper)
[2020-03-30 21:00:40,044] INFO [ExpirationReaper-0-topic]: Shutdown completed (kafka.server.DelayedOperationPurgatory$ExpiredOperationReaper)
[2020-03-30 21:00:40,051] INFO [TransactionCoordinator id=0] Shutting down. (kafka.coordinator.transaction.TransactionCoordinator)
[2020-03-30 21:00:40,054] INFO [ProducerId Manager 0]: Shutdown complete: last producerId assigned 8000 (kafka.coordinator.transaction.ProducerIdManager)
[2020-03-30 21:00:40,055] INFO [Transaction State Manager 0]: Shutdown complete (kafka.coordinator.transaction.TransactionStateManager)
[2020-03-30 21:00:40,056] INFO [Transaction Marker Channel Manager 0]: Shutting down (kafka.coordinator.transaction.TransactionMarkerChannelManager)
[2020-03-30 21:00:40,057] INFO [Transaction Marker Channel Manager 0]: Stopped (kafka.coordinator.transaction.TransactionMarkerChannelManager)
[2020-03-30 21:00:40,057] INFO [Transaction Marker Channel Manager 0]: Shutdown completed (kafka.coordinator.transaction.TransactionMarkerChannelManager)
[2020-03-30 21:00:40,059] INFO [TransactionCoordinator id=0] Shutdown complete. (kafka.coordinator.transaction.TransactionCoordinator)
[2020-03-30 21:00:40,061] INFO [GroupCoordinator 0]: Shutting down. (kafka.coordinator.group.GroupCoordinator)
[2020-03-30 21:00:40,062] INFO [ExpirationReaper-0-Heartbeat]: Shutting down (kafka.server.DelayedOperationPurgatory$ExpiredOperationReaper)
[2020-03-30 21:00:40,084] INFO [ExpirationReaper-0-Heartbeat]: Stopped (kafka.server.DelayedOperationPurgatory$ExpiredOperationReaper)
[2020-03-30 21:00:40,085] INFO [ExpirationReaper-0-Heartbeat]: Shutdown completed (kafka.server.DelayedOperationPurgatory$ExpiredOperationReaper)
[2020-03-30 21:00:40,086] INFO [ExpirationReaper-0-Rebalance]: Shutting down (kafka.server.DelayedOperationPurgatory$ExpiredOperationReaper)
[2020-03-30 21:00:40,159] INFO [ExpirationReaper-0-Rebalance]: Stopped (kafka.server.DelayedOperationPurgatory$ExpiredOperationReaper)
[2020-03-30 21:00:40,159] INFO [ExpirationReaper-0-Rebalance]: Shutdown completed (kafka.server.DelayedOperationPurgatory$ExpiredOperationReaper)
[2020-03-30 21:00:40,160] INFO [GroupCoordinator 0]: Shutdown complete. (kafka.coordinator.group.GroupCoordinator)
[2020-03-30 21:00:40,161] INFO [ReplicaManager broker=0] Shutting down (kafka.server.ReplicaManager)
[2020-03-30 21:00:40,162] INFO [LogDirFailureHandler]: Shutting down (kafka.server.ReplicaManager$LogDirFailureHandler)
[2020-03-30 21:00:40,162] INFO [LogDirFailureHandler]: Stopped (kafka.server.ReplicaManager$LogDirFailureHandler)
[2020-03-30 21:00:40,162] INFO [LogDirFailureHandler]: Shutdown completed (kafka.server.ReplicaManager$LogDirFailureHandler)
[2020-03-30 21:00:40,163] INFO [ReplicaFetcherManager on broker 0] shutting down (kafka.server.ReplicaFetcherManager)
[2020-03-30 21:00:40,165] INFO [ReplicaFetcherManager on broker 0] shutdown completed (kafka.server.ReplicaFetcherManager)
[2020-03-30 21:00:40,166] INFO [ReplicaAlterLogDirsManager on broker 0] shutting down (kafka.server.ReplicaAlterLogDirsManager)
[2020-03-30 21:00:40,166] INFO [ReplicaAlterLogDirsManager on broker 0] shutdown completed (kafka.server.ReplicaAlterLogDirsManager)
[2020-03-30 21:00:40,166] INFO [ExpirationReaper-0-Fetch]: Shutting down (kafka.server.DelayedOperationPurgatory$ExpiredOperationReaper)
[2020-03-30 21:00:40,349] INFO [ExpirationReaper-0-Fetch]: Stopped (kafka.server.DelayedOperationPurgatory$ExpiredOperationReaper)
[2020-03-30 21:00:40,349] INFO [ExpirationReaper-0-Fetch]: Shutdown completed (kafka.server.DelayedOperationPurgatory$ExpiredOperationReaper)
[2020-03-30 21:00:40,350] INFO [ExpirationReaper-0-Produce]: Shutting down (kafka.server.DelayedOperationPurgatory$ExpiredOperationReaper)
[2020-03-30 21:00:40,464] INFO [ExpirationReaper-0-Produce]: Stopped (kafka.server.DelayedOperationPurgatory$ExpiredOperationReaper)
[2020-03-30 21:00:40,465] INFO [ExpirationReaper-0-Produce]: Shutdown completed (kafka.server.DelayedOperationPurgatory$ExpiredOperationReaper)
[2020-03-30 21:00:40,466] INFO [ExpirationReaper-0-DeleteRecords]: Shutting down (kafka.server.DelayedOperationPurgatory$ExpiredOperationReaper)
[2020-03-30 21:00:40,653] INFO [ExpirationReaper-0-DeleteRecords]: Stopped (kafka.server.DelayedOperationPurgatory$ExpiredOperationReaper)
[2020-03-30 21:00:40,653] INFO [ExpirationReaper-0-DeleteRecords]: Shutdown completed (kafka.server.DelayedOperationPurgatory$ExpiredOperationReaper)
[2020-03-30 21:00:40,653] INFO [ExpirationReaper-0-ElectLeader]: Shutting down (kafka.server.DelayedOperationPurgatory$ExpiredOperationReaper)
[2020-03-30 21:00:40,853] INFO [ExpirationReaper-0-ElectLeader]: Stopped (kafka.server.DelayedOperationPurgatory$ExpiredOperationReaper)
[2020-03-30 21:00:40,853] INFO [ExpirationReaper-0-ElectLeader]: Shutdown completed (kafka.server.DelayedOperationPurgatory$ExpiredOperationReaper)
[2020-03-30 21:00:40,860] INFO [ReplicaManager broker=0] Shut down completely (kafka.server.ReplicaManager)
[2020-03-30 21:00:40,862] INFO Shutting down. (kafka.log.LogManager)
[2020-03-30 21:00:40,913] INFO [ProducerStateManager partition=ECOMMERCE_SEND_EMAIL-0] Writing producer snapshot at offset 100 (kafka.log.ProducerStateManager)
[2020-03-30 21:00:40,921] INFO [ProducerStateManager partition=ECOMMERCE_NEW_ORDER-0] Writing producer snapshot at offset 41 (kafka.log.ProducerStateManager)
[2020-03-30 21:00:40,951] INFO [ProducerStateManager partition=__consumer_offsets-49] Writing producer snapshot at offset 1945 (kafka.log.ProducerStateManager)
[2020-03-30 21:00:40,970] INFO [ProducerStateManager partition=ECOMMERCE_NEW_ORDER-1] Writing producer snapshot at offset 28 (kafka.log.ProducerStateManager)
[2020-03-30 21:00:40,976] INFO [ProducerStateManager partition=__consumer_offsets-19] Writing producer snapshot at offset 538 (kafka.log.ProducerStateManager)
[2020-03-30 21:00:40,979] INFO [ProducerStateManager partition=ECOMMERCE_NEW_ORDER-2] Writing producer snapshot at offset 31 (kafka.log.ProducerStateManager)
[2020-03-30 21:00:41,000] INFO [ProducerStateManager partition=__consumer_offsets-29] Writing producer snapshot at offset 544 (kafka.log.ProducerStateManager)
[2020-03-30 21:00:41,021] INFO Shutdown complete. (kafka.log.LogManager)
[2020-03-30 21:00:41,030] INFO [ZooKeeperClient Kafka server] Closing. (kafka.zookeeper.ZooKeeperClient)
[2020-03-30 21:00:41,144] INFO Session: 0x100006c75000000 closed (org.apache.zookeeper.ZooKeeper)
[2020-03-30 21:00:41,144] INFO EventThread shut down for session: 0x100006c75000000 (org.apache.zookeeper.ClientCnxn)
[2020-03-30 21:00:41,147] INFO [ZooKeeperClient Kafka server] Closed. (kafka.zookeeper.ZooKeeperClient)
[2020-03-30 21:00:41,148] INFO [ThrottledChannelReaper-Fetch]: Shutting down (kafka.server.ClientQuotaManager$ThrottledChannelReaper)
[2020-03-30 21:00:41,415] INFO [ThrottledChannelReaper-Fetch]: Stopped (kafka.server.ClientQuotaManager$ThrottledChannelReaper)
[2020-03-30 21:00:41,415] INFO [ThrottledChannelReaper-Fetch]: Shutdown completed (kafka.server.ClientQuotaManager$ThrottledChannelReaper)
[2020-03-30 21:00:41,415] INFO [ThrottledChannelReaper-Produce]: Shutting down (kafka.server.ClientQuotaManager$ThrottledChannelReaper)
[2020-03-30 21:00:42,415] INFO [ThrottledChannelReaper-Produce]: Stopped (kafka.server.ClientQuotaManager$ThrottledChannelReaper)
[2020-03-30 21:00:42,415] INFO [ThrottledChannelReaper-Produce]: Shutdown completed (kafka.server.ClientQuotaManager$ThrottledChannelReaper)
[2020-03-30 21:00:42,416] INFO [ThrottledChannelReaper-Request]: Shutting down (kafka.server.ClientQuotaManager$ThrottledChannelReaper)
[2020-03-30 21:00:42,426] INFO [ThrottledChannelReaper-Request]: Stopped (kafka.server.ClientQuotaManager$ThrottledChannelReaper)
[2020-03-30 21:00:42,426] INFO [ThrottledChannelReaper-Request]: Shutdown completed (kafka.server.ClientQuotaManager$ThrottledChannelReaper)
[2020-03-30 21:00:42,431] INFO [SocketServer brokerId=0] Shutting down socket server (kafka.network.SocketServer)
[2020-03-30 21:00:42,477] INFO [SocketServer brokerId=0] Shutdown completed (kafka.network.SocketServer)
[2020-03-30 21:00:42,479] INFO [KafkaServer id=0] shut down completed (kafka.server.KafkaServer)
